  stdafx.cpp
  DoAnCaNhan-Paint.cpp
D:\STUDY\NAM 3\HK1\LTWindows\Do An Ca Nhan\DoAnCaNhan-Paint\PaintLib\PaintLib.h(200): warning C4244: 'argument': conversion from 'double' to 'int', possible loss of data
D:\STUDY\NAM 3\HK1\LTWindows\Do An Ca Nhan\DoAnCaNhan-Paint\PaintLib\PaintLib.h(201): warning C4244: 'argument': conversion from 'double' to 'int', possible loss of data
D:\STUDY\NAM 3\HK1\LTWindows\Do An Ca Nhan\DoAnCaNhan-Paint\PaintLib\PaintLib.h(203): warning C4244: 'argument': conversion from 'double' to 'int', possible loss of data
D:\STUDY\NAM 3\HK1\LTWindows\Do An Ca Nhan\DoAnCaNhan-Paint\PaintLib\PaintLib.h(204): warning C4244: 'argument': conversion from 'double' to 'int', possible loss of data
D:\STUDY\NAM 3\HK1\LTWindows\Do An Ca Nhan\DoAnCaNhan-Paint\PaintLib\PaintLib.h(206): warning C4244: 'argument': conversion from 'double' to 'int', possible loss of data
D:\STUDY\NAM 3\HK1\LTWindows\Do An Ca Nhan\DoAnCaNhan-Paint\PaintLib\PaintLib.h(207): warning C4244: 'argument': conversion from 'double' to 'int', possible loss of data
D:\STUDY\NAM 3\HK1\LTWindows\Do An Ca Nhan\DoAnCaNhan-Paint\PaintLib\PaintLib.h(209): warning C4244: 'argument': conversion from 'double' to 'int', possible loss of data
D:\STUDY\NAM 3\HK1\LTWindows\Do An Ca Nhan\DoAnCaNhan-Paint\PaintLib\PaintLib.h(210): warning C4244: 'argument': conversion from 'double' to 'int', possible loss of data
D:\STUDY\NAM 3\HK1\LTWindows\Do An Ca Nhan\DoAnCaNhan-Paint\PaintLib\PaintLib.h(212): warning C4244: 'argument': conversion from 'double' to 'int', possible loss of data
D:\STUDY\NAM 3\HK1\LTWindows\Do An Ca Nhan\DoAnCaNhan-Paint\PaintLib\PaintLib.h(213): warning C4244: 'argument': conversion from 'double' to 'int', possible loss of data
D:\STUDY\NAM 3\HK1\LTWindows\Do An Ca Nhan\DoAnCaNhan-Paint\PaintLib\PaintLib.h(215): warning C4244: 'argument': conversion from 'double' to 'int', possible loss of data
D:\STUDY\NAM 3\HK1\LTWindows\Do An Ca Nhan\DoAnCaNhan-Paint\PaintLib\PaintLib.h(216): warning C4244: 'argument': conversion from 'double' to 'int', possible loss of data
D:\STUDY\NAM 3\HK1\LTWindows\Do An Ca Nhan\DoAnCaNhan-Paint\PaintLib\PaintLib.h(218): warning C4244: 'argument': conversion from 'double' to 'int', possible loss of data
D:\STUDY\NAM 3\HK1\LTWindows\Do An Ca Nhan\DoAnCaNhan-Paint\PaintLib\PaintLib.h(219): warning C4244: 'argument': conversion from 'double' to 'int', possible loss of data
D:\STUDY\NAM 3\HK1\LTWindows\Do An Ca Nhan\DoAnCaNhan-Paint\PaintLib\PaintLib.h(239): warning C4244: 'argument': conversion from 'double' to 'int', possible loss of data
D:\STUDY\NAM 3\HK1\LTWindows\Do An Ca Nhan\DoAnCaNhan-Paint\PaintLib\PaintLib.h(240): warning C4244: 'argument': conversion from 'double' to 'int', possible loss of data
D:\STUDY\NAM 3\HK1\LTWindows\Do An Ca Nhan\DoAnCaNhan-Paint\PaintLib\PaintLib.h(241): warning C4244: 'argument': conversion from 'double' to 'int', possible loss of data
D:\STUDY\NAM 3\HK1\LTWindows\Do An Ca Nhan\DoAnCaNhan-Paint\PaintLib\PaintLib.h(242): warning C4244: 'argument': conversion from 'double' to 'int', possible loss of data
D:\STUDY\NAM 3\HK1\LTWindows\Do An Ca Nhan\DoAnCaNhan-Paint\PaintLib\PaintLib.h(243): warning C4244: 'argument': conversion from 'double' to 'int', possible loss of data
D:\STUDY\NAM 3\HK1\LTWindows\Do An Ca Nhan\DoAnCaNhan-Paint\PaintLib\PaintLib.h(244): warning C4244: 'argument': conversion from 'double' to 'int', possible loss of data
D:\STUDY\NAM 3\HK1\LTWindows\Do An Ca Nhan\DoAnCaNhan-Paint\PaintLib\PaintLib.h(245): warning C4244: 'argument': conversion from 'double' to 'int', possible loss of data
D:\STUDY\NAM 3\HK1\LTWindows\Do An Ca Nhan\DoAnCaNhan-Paint\PaintLib\PaintLib.h(246): warning C4244: 'argument': conversion from 'double' to 'int', possible loss of data
D:\STUDY\NAM 3\HK1\LTWindows\Do An Ca Nhan\DoAnCaNhan-Paint\PaintLib\PaintLib.h(247): warning C4244: 'argument': conversion from 'double' to 'int', possible loss of data
D:\STUDY\NAM 3\HK1\LTWindows\Do An Ca Nhan\DoAnCaNhan-Paint\PaintLib\PaintLib.h(248): warning C4244: 'argument': conversion from 'double' to 'int', possible loss of data
D:\STUDY\NAM 3\HK1\LTWindows\Do An Ca Nhan\DoAnCaNhan-Paint\PaintLib\PaintLib.h(249): warning C4244: 'argument': conversion from 'double' to 'int', possible loss of data
D:\STUDY\NAM 3\HK1\LTWindows\Do An Ca Nhan\DoAnCaNhan-Paint\PaintLib\PaintLib.h(250): warning C4244: 'argument': conversion from 'double' to 'int', possible loss of data
D:\STUDY\NAM 3\HK1\LTWindows\Do An Ca Nhan\DoAnCaNhan-Paint\PaintLib\PaintLib.h(251): warning C4244: 'argument': conversion from 'double' to 'int', possible loss of data
D:\STUDY\NAM 3\HK1\LTWindows\Do An Ca Nhan\DoAnCaNhan-Paint\PaintLib\PaintLib.h(252): warning C4244: 'argument': conversion from 'double' to 'int', possible loss of data
D:\STUDY\NAM 3\HK1\LTWindows\Do An Ca Nhan\DoAnCaNhan-Paint\PaintLib\PaintLib.h(253): warning C4244: 'argument': conversion from 'double' to 'int', possible loss of data
D:\STUDY\NAM 3\HK1\LTWindows\Do An Ca Nhan\DoAnCaNhan-Paint\PaintLib\PaintLib.h(254): warning C4244: 'argument': conversion from 'double' to 'int', possible loss of data
D:\STUDY\NAM 3\HK1\LTWindows\Do An Ca Nhan\DoAnCaNhan-Paint\PaintLib\PaintLib.h(255): warning C4244: 'argument': conversion from 'double' to 'int', possible loss of data
D:\STUDY\NAM 3\HK1\LTWindows\Do An Ca Nhan\DoAnCaNhan-Paint\PaintLib\PaintLib.h(256): warning C4244: 'argument': conversion from 'double' to 'int', possible loss of data
D:\STUDY\NAM 3\HK1\LTWindows\Do An Ca Nhan\DoAnCaNhan-Paint\PaintLib\PaintLib.h(257): warning C4244: 'argument': conversion from 'double' to 'int', possible loss of data
D:\STUDY\NAM 3\HK1\LTWindows\Do An Ca Nhan\DoAnCaNhan-Paint\PaintLib\PaintLib.h(258): warning C4244: 'argument': conversion from 'double' to 'int', possible loss of data
DoAnCaNhan-Paint.cpp(335): warning C4018: '<': signed/unsigned mismatch
DoAnCaNhan-Paint.cpp(443): warning C4018: '<': signed/unsigned mismatch
  SaveFile.cpp
  Generating code
  0 of 293 functions ( 0.0%) were compiled, the rest were copied from previous compilation.
    0 functions were new in current compilation
    28 functions had inline decision re-evaluated but remain unchanged
  Finished generating code
  DoAnCaNhan-Paint.vcxproj -> D:\STUDY\NAM 3\HK1\LTWindows\Do An Ca Nhan\DoAnCaNhan-Paint\Release\DoAnCaNhan-Paint.exe
  DoAnCaNhan-Paint.vcxproj -> D:\STUDY\NAM 3\HK1\LTWindows\Do An Ca Nhan\DoAnCaNhan-Paint\Release\DoAnCaNhan-Paint.pdb (Full PDB)
