  PaintLib.cpp
d:\study\nam 3\hk1\ltwindows\do an ca nhan\doancanhan-paint\paintlib\PaintLib.h(200): warning C4244: 'argument': conversion from 'double' to 'int', possible loss of data
d:\study\nam 3\hk1\ltwindows\do an ca nhan\doancanhan-paint\paintlib\PaintLib.h(201): warning C4244: 'argument': conversion from 'double' to 'int', possible loss of data
d:\study\nam 3\hk1\ltwindows\do an ca nhan\doancanhan-paint\paintlib\PaintLib.h(203): warning C4244: 'argument': conversion from 'double' to 'int', possible loss of data
d:\study\nam 3\hk1\ltwindows\do an ca nhan\doancanhan-paint\paintlib\PaintLib.h(204): warning C4244: 'argument': conversion from 'double' to 'int', possible loss of data
d:\study\nam 3\hk1\ltwindows\do an ca nhan\doancanhan-paint\paintlib\PaintLib.h(206): warning C4244: 'argument': conversion from 'double' to 'int', possible loss of data
d:\study\nam 3\hk1\ltwindows\do an ca nhan\doancanhan-paint\paintlib\PaintLib.h(207): warning C4244: 'argument': conversion from 'double' to 'int', possible loss of data
d:\study\nam 3\hk1\ltwindows\do an ca nhan\doancanhan-paint\paintlib\PaintLib.h(209): warning C4244: 'argument': conversion from 'double' to 'int', possible loss of data
d:\study\nam 3\hk1\ltwindows\do an ca nhan\doancanhan-paint\paintlib\PaintLib.h(210): warning C4244: 'argument': conversion from 'double' to 'int', possible loss of data
d:\study\nam 3\hk1\ltwindows\do an ca nhan\doancanhan-paint\paintlib\PaintLib.h(212): warning C4244: 'argument': conversion from 'double' to 'int', possible loss of data
d:\study\nam 3\hk1\ltwindows\do an ca nhan\doancanhan-paint\paintlib\PaintLib.h(213): warning C4244: 'argument': conversion from 'double' to 'int', possible loss of data
d:\study\nam 3\hk1\ltwindows\do an ca nhan\doancanhan-paint\paintlib\PaintLib.h(215): warning C4244: 'argument': conversion from 'double' to 'int', possible loss of data
d:\study\nam 3\hk1\ltwindows\do an ca nhan\doancanhan-paint\paintlib\PaintLib.h(216): warning C4244: 'argument': conversion from 'double' to 'int', possible loss of data
d:\study\nam 3\hk1\ltwindows\do an ca nhan\doancanhan-paint\paintlib\PaintLib.h(218): warning C4244: 'argument': conversion from 'double' to 'int', possible loss of data
d:\study\nam 3\hk1\ltwindows\do an ca nhan\doancanhan-paint\paintlib\PaintLib.h(219): warning C4244: 'argument': conversion from 'double' to 'int', possible loss of data
d:\study\nam 3\hk1\ltwindows\do an ca nhan\doancanhan-paint\paintlib\PaintLib.h(239): warning C4244: 'argument': conversion from 'double' to 'int', possible loss of data
d:\study\nam 3\hk1\ltwindows\do an ca nhan\doancanhan-paint\paintlib\PaintLib.h(240): warning C4244: 'argument': conversion from 'double' to 'int', possible loss of data
d:\study\nam 3\hk1\ltwindows\do an ca nhan\doancanhan-paint\paintlib\PaintLib.h(241): warning C4244: 'argument': conversion from 'double' to 'int', possible loss of data
d:\study\nam 3\hk1\ltwindows\do an ca nhan\doancanhan-paint\paintlib\PaintLib.h(242): warning C4244: 'argument': conversion from 'double' to 'int', possible loss of data
d:\study\nam 3\hk1\ltwindows\do an ca nhan\doancanhan-paint\paintlib\PaintLib.h(243): warning C4244: 'argument': conversion from 'double' to 'int', possible loss of data
d:\study\nam 3\hk1\ltwindows\do an ca nhan\doancanhan-paint\paintlib\PaintLib.h(244): warning C4244: 'argument': conversion from 'double' to 'int', possible loss of data
d:\study\nam 3\hk1\ltwindows\do an ca nhan\doancanhan-paint\paintlib\PaintLib.h(245): warning C4244: 'argument': conversion from 'double' to 'int', possible loss of data
d:\study\nam 3\hk1\ltwindows\do an ca nhan\doancanhan-paint\paintlib\PaintLib.h(246): warning C4244: 'argument': conversion from 'double' to 'int', possible loss of data
d:\study\nam 3\hk1\ltwindows\do an ca nhan\doancanhan-paint\paintlib\PaintLib.h(247): warning C4244: 'argument': conversion from 'double' to 'int', possible loss of data
d:\study\nam 3\hk1\ltwindows\do an ca nhan\doancanhan-paint\paintlib\PaintLib.h(248): warning C4244: 'argument': conversion from 'double' to 'int', possible loss of data
d:\study\nam 3\hk1\ltwindows\do an ca nhan\doancanhan-paint\paintlib\PaintLib.h(249): warning C4244: 'argument': conversion from 'double' to 'int', possible loss of data
d:\study\nam 3\hk1\ltwindows\do an ca nhan\doancanhan-paint\paintlib\PaintLib.h(250): warning C4244: 'argument': conversion from 'double' to 'int', possible loss of data
d:\study\nam 3\hk1\ltwindows\do an ca nhan\doancanhan-paint\paintlib\PaintLib.h(251): warning C4244: 'argument': conversion from 'double' to 'int', possible loss of data
d:\study\nam 3\hk1\ltwindows\do an ca nhan\doancanhan-paint\paintlib\PaintLib.h(252): warning C4244: 'argument': conversion from 'double' to 'int', possible loss of data
d:\study\nam 3\hk1\ltwindows\do an ca nhan\doancanhan-paint\paintlib\PaintLib.h(253): warning C4244: 'argument': conversion from 'double' to 'int', possible loss of data
d:\study\nam 3\hk1\ltwindows\do an ca nhan\doancanhan-paint\paintlib\PaintLib.h(254): warning C4244: 'argument': conversion from 'double' to 'int', possible loss of data
d:\study\nam 3\hk1\ltwindows\do an ca nhan\doancanhan-paint\paintlib\PaintLib.h(255): warning C4244: 'argument': conversion from 'double' to 'int', possible loss of data
d:\study\nam 3\hk1\ltwindows\do an ca nhan\doancanhan-paint\paintlib\PaintLib.h(256): warning C4244: 'argument': conversion from 'double' to 'int', possible loss of data
d:\study\nam 3\hk1\ltwindows\do an ca nhan\doancanhan-paint\paintlib\PaintLib.h(257): warning C4244: 'argument': conversion from 'double' to 'int', possible loss of data
d:\study\nam 3\hk1\ltwindows\do an ca nhan\doancanhan-paint\paintlib\PaintLib.h(258): warning C4244: 'argument': conversion from 'double' to 'int', possible loss of data
     Creating library D:\STUDY\NAM 3\HK1\LTWindows\Do An Ca Nhan\DoAnCaNhan-Paint\Release\PaintLib.lib and object D:\STUDY\NAM 3\HK1\LTWindows\Do An Ca Nhan\DoAnCaNhan-Paint\Release\PaintLib.exp
  Generating code
  0 of 45 functions ( 0.0%) were compiled, the rest were copied from previous compilation.
    0 functions were new in current compilation
    0 functions had inline decision re-evaluated but remain unchanged
  Finished generating code
  PaintLib.vcxproj -> D:\STUDY\NAM 3\HK1\LTWindows\Do An Ca Nhan\DoAnCaNhan-Paint\Release\PaintLib.dll
  PaintLib.vcxproj -> D:\STUDY\NAM 3\HK1\LTWindows\Do An Ca Nhan\DoAnCaNhan-Paint\Release\PaintLib.pdb (Full PDB)
