  DoAnCaNhan-Paint.cpp
d:\study\nam 3\hk1\ltwindows\do an ca nhan\doancanhan-paint\doancanhan-paint\doancanhan-paint.h(35): warning C4244: 'argument': conversion from 'double' to 'int', possible loss of data
d:\study\nam 3\hk1\ltwindows\do an ca nhan\doancanhan-paint\doancanhan-paint\doancanhan-paint.h(36): warning C4244: 'argument': conversion from 'double' to 'int', possible loss of data
d:\study\nam 3\hk1\ltwindows\do an ca nhan\doancanhan-paint\doancanhan-paint\doancanhan-paint.h(38): warning C4244: 'argument': conversion from 'double' to 'int', possible loss of data
d:\study\nam 3\hk1\ltwindows\do an ca nhan\doancanhan-paint\doancanhan-paint\doancanhan-paint.h(39): warning C4244: 'argument': conversion from 'double' to 'int', possible loss of data
d:\study\nam 3\hk1\ltwindows\do an ca nhan\doancanhan-paint\doancanhan-paint\doancanhan-paint.h(41): warning C4244: 'argument': conversion from 'double' to 'int', possible loss of data
d:\study\nam 3\hk1\ltwindows\do an ca nhan\doancanhan-paint\doancanhan-paint\doancanhan-paint.h(42): warning C4244: 'argument': conversion from 'double' to 'int', possible loss of data
d:\study\nam 3\hk1\ltwindows\do an ca nhan\doancanhan-paint\doancanhan-paint\doancanhan-paint.h(44): warning C4244: 'argument': conversion from 'double' to 'int', possible loss of data
d:\study\nam 3\hk1\ltwindows\do an ca nhan\doancanhan-paint\doancanhan-paint\doancanhan-paint.h(45): warning C4244: 'argument': conversion from 'double' to 'int', possible loss of data
d:\study\nam 3\hk1\ltwindows\do an ca nhan\doancanhan-paint\doancanhan-paint\doancanhan-paint.h(47): warning C4244: 'argument': conversion from 'double' to 'int', possible loss of data
d:\study\nam 3\hk1\ltwindows\do an ca nhan\doancanhan-paint\doancanhan-paint\doancanhan-paint.h(48): warning C4244: 'argument': conversion from 'double' to 'int', possible loss of data
d:\study\nam 3\hk1\ltwindows\do an ca nhan\doancanhan-paint\doancanhan-paint\doancanhan-paint.h(50): warning C4244: 'argument': conversion from 'double' to 'int', possible loss of data
d:\study\nam 3\hk1\ltwindows\do an ca nhan\doancanhan-paint\doancanhan-paint\doancanhan-paint.h(51): warning C4244: 'argument': conversion from 'double' to 'int', possible loss of data
d:\study\nam 3\hk1\ltwindows\do an ca nhan\doancanhan-paint\doancanhan-paint\doancanhan-paint.h(53): warning C4244: 'argument': conversion from 'double' to 'int', possible loss of data
d:\study\nam 3\hk1\ltwindows\do an ca nhan\doancanhan-paint\doancanhan-paint\doancanhan-paint.h(54): warning C4244: 'argument': conversion from 'double' to 'int', possible loss of data
d:\study\nam 3\hk1\ltwindows\do an ca nhan\doancanhan-paint\doancanhan-paint\doancanhan-paint.h(74): warning C4244: 'argument': conversion from 'double' to 'int', possible loss of data
d:\study\nam 3\hk1\ltwindows\do an ca nhan\doancanhan-paint\doancanhan-paint\doancanhan-paint.h(75): warning C4244: 'argument': conversion from 'double' to 'int', possible loss of data
d:\study\nam 3\hk1\ltwindows\do an ca nhan\doancanhan-paint\doancanhan-paint\doancanhan-paint.h(76): warning C4244: 'argument': conversion from 'double' to 'int', possible loss of data
d:\study\nam 3\hk1\ltwindows\do an ca nhan\doancanhan-paint\doancanhan-paint\doancanhan-paint.h(77): warning C4244: 'argument': conversion from 'double' to 'int', possible loss of data
d:\study\nam 3\hk1\ltwindows\do an ca nhan\doancanhan-paint\doancanhan-paint\doancanhan-paint.h(78): warning C4244: 'argument': conversion from 'double' to 'int', possible loss of data
d:\study\nam 3\hk1\ltwindows\do an ca nhan\doancanhan-paint\doancanhan-paint\doancanhan-paint.h(79): warning C4244: 'argument': conversion from 'double' to 'int', possible loss of data
d:\study\nam 3\hk1\ltwindows\do an ca nhan\doancanhan-paint\doancanhan-paint\doancanhan-paint.h(80): warning C4244: 'argument': conversion from 'double' to 'int', possible loss of data
d:\study\nam 3\hk1\ltwindows\do an ca nhan\doancanhan-paint\doancanhan-paint\doancanhan-paint.h(81): warning C4244: 'argument': conversion from 'double' to 'int', possible loss of data
d:\study\nam 3\hk1\ltwindows\do an ca nhan\doancanhan-paint\doancanhan-paint\doancanhan-paint.h(82): warning C4244: 'argument': conversion from 'double' to 'int', possible loss of data
d:\study\nam 3\hk1\ltwindows\do an ca nhan\doancanhan-paint\doancanhan-paint\doancanhan-paint.h(83): warning C4244: 'argument': conversion from 'double' to 'int', possible loss of data
d:\study\nam 3\hk1\ltwindows\do an ca nhan\doancanhan-paint\doancanhan-paint\doancanhan-paint.h(84): warning C4244: 'argument': conversion from 'double' to 'int', possible loss of data
d:\study\nam 3\hk1\ltwindows\do an ca nhan\doancanhan-paint\doancanhan-paint\doancanhan-paint.h(85): warning C4244: 'argument': conversion from 'double' to 'int', possible loss of data
d:\study\nam 3\hk1\ltwindows\do an ca nhan\doancanhan-paint\doancanhan-paint\doancanhan-paint.h(86): warning C4244: 'argument': conversion from 'double' to 'int', possible loss of data
d:\study\nam 3\hk1\ltwindows\do an ca nhan\doancanhan-paint\doancanhan-paint\doancanhan-paint.h(87): warning C4244: 'argument': conversion from 'double' to 'int', possible loss of data
d:\study\nam 3\hk1\ltwindows\do an ca nhan\doancanhan-paint\doancanhan-paint\doancanhan-paint.h(88): warning C4244: 'argument': conversion from 'double' to 'int', possible loss of data
d:\study\nam 3\hk1\ltwindows\do an ca nhan\doancanhan-paint\doancanhan-paint\doancanhan-paint.h(89): warning C4244: 'argument': conversion from 'double' to 'int', possible loss of data
d:\study\nam 3\hk1\ltwindows\do an ca nhan\doancanhan-paint\doancanhan-paint\doancanhan-paint.h(90): warning C4244: 'argument': conversion from 'double' to 'int', possible loss of data
d:\study\nam 3\hk1\ltwindows\do an ca nhan\doancanhan-paint\doancanhan-paint\doancanhan-paint.h(91): warning C4244: 'argument': conversion from 'double' to 'int', possible loss of data
d:\study\nam 3\hk1\ltwindows\do an ca nhan\doancanhan-paint\doancanhan-paint\doancanhan-paint.h(92): warning C4244: 'argument': conversion from 'double' to 'int', possible loss of data
d:\study\nam 3\hk1\ltwindows\do an ca nhan\doancanhan-paint\doancanhan-paint\doancanhan-paint.h(93): warning C4244: 'argument': conversion from 'double' to 'int', possible loss of data
d:\study\nam 3\hk1\ltwindows\do an ca nhan\doancanhan-paint\doancanhan-paint\doancanhan-paint.cpp(335): warning C4018: '<': signed/unsigned mismatch
d:\study\nam 3\hk1\ltwindows\do an ca nhan\doancanhan-paint\doancanhan-paint\doancanhan-paint.cpp(443): warning C4018: '<': signed/unsigned mismatch
  DoAnCaNhan-Paint.vcxproj -> D:\STUDY\NAM 3\HK1\LTWindows\Do An Ca Nhan\DoAnCaNhan-Paint\Debug\DoAnCaNhan-Paint.exe
  DoAnCaNhan-Paint.vcxproj -> D:\STUDY\NAM 3\HK1\LTWindows\Do An Ca Nhan\DoAnCaNhan-Paint\Debug\DoAnCaNhan-Paint.pdb (Full PDB)
